[2025-01-26 01:06:57] select r.requestID, concat(p.first_name," ",p.surname) "fullname", r.serviceType, r.scheduleDate, r.status FROM request r, patient p, services s where r.patientID = p.patientID and  r.serviceID = s.servicesID and r.status = "Pending";
[2025-01-26 01:06:57] select count(*) as 'count' from patient
[2025-01-26 01:06:57] select count(*) as 'count' from hc_medicineinventory
[2025-01-26 01:06:57] select count(*) as 'count' from appointment
[2025-01-26 01:06:57] select count(*) as 'count' from request where status = 'pending'
[2025-01-26 01:07:01] SELECT * FROM patient 
[2025-01-26 01:07:01] select r.requestID, concat(p.first_name," ",p.surname) "fullname", r.serviceType, r.scheduleDate, r.status FROM request r, patient p, services s where r.patientID = p.patientID and  r.serviceID = s.servicesID and r.status = "Pending";
[2025-01-26 01:07:57] select r.requestID, concat(p.first_name," ",p.surname) "fullname", r.serviceType, r.scheduleDate, r.status FROM request r, patient p, services s where r.patientID = p.patientID and  r.serviceID = s.servicesID and r.status = "Pending";
[2025-01-26 01:13:35] select r.requestID, concat(p.first_name," ",p.surname) "fullname", r.serviceType, r.scheduleDate, r.status FROM request r, patient p, services s where r.patientID = p.patientID and  r.serviceID = s.servicesID and r.status = "Pending";
[2025-01-26 01:20:53] select r.requestID, concat(p.first_name," ",p.surname) "fullname", r.serviceType, r.scheduleDate, r.status FROM request r, patient p, services s where r.patientID = p.patientID and  r.serviceID = s.servicesID and r.status = "Pending";
[2025-01-26 01:20:57] SELECT * FROM patient 
[2025-01-26 01:20:58] select r.requestID, concat(p.first_name," ",p.surname) "fullname", r.serviceType, r.scheduleDate, r.status FROM request r, patient p, services s where r.patientID = p.patientID and  r.serviceID = s.servicesID and r.status = "Pending";
[2025-01-26 01:21:49] SELECT * FROM patient 
[2025-01-26 01:21:49] select r.requestID, concat(p.first_name," ",p.surname) "fullname", r.serviceType, r.scheduleDate, r.status FROM request r, patient p, services s where r.patientID = p.patientID and  r.serviceID = s.servicesID and r.status = "Pending";
[2025-01-26 01:23:44] SELECT * FROM patient 
[2025-01-26 01:23:44] select r.requestID, concat(p.first_name," ",p.surname) "fullname", r.serviceType, r.scheduleDate, r.status FROM request r, patient p, services s where r.patientID = p.patientID and  r.serviceID = s.servicesID and r.status = "Pending";
[2025-01-26 01:24:18] SELECT * FROM patient 
[2025-01-26 01:24:18] select r.requestID, concat(p.first_name," ",p.surname) "fullname", r.serviceType, r.scheduleDate, r.status FROM request r, patient p, services s where r.patientID = p.patientID and  r.serviceID = s.servicesID and r.status = "Pending";
[2025-01-26 01:25:26] SELECT * FROM patient 
[2025-01-26 01:25:26] select r.requestID, concat(p.first_name," ",p.surname) "fullname", r.serviceType, r.scheduleDate, r.status FROM request r, patient p, services s where r.patientID = p.patientID and  r.serviceID = s.servicesID and r.status = "Pending";
[2025-01-26 01:25:49] SELECT * FROM patient 
[2025-01-26 01:25:49] select r.requestID, concat(p.first_name," ",p.surname) "fullname", r.serviceType, r.scheduleDate, r.status FROM request r, patient p, services s where r.patientID = p.patientID and  r.serviceID = s.servicesID and r.status = "Pending";
[2025-01-26 01:26:13] SELECT * FROM patient 
[2025-01-26 01:26:14] select r.requestID, concat(p.first_name," ",p.surname) "fullname", r.serviceType, r.scheduleDate, r.status FROM request r, patient p, services s where r.patientID = p.patientID and  r.serviceID = s.servicesID and r.status = "Pending";
[2025-01-26 01:26:52] SELECT * FROM patient 
[2025-01-26 01:26:52] select r.requestID, concat(p.first_name," ",p.surname) "fullname", r.serviceType, r.scheduleDate, r.status FROM request r, patient p, services s where r.patientID = p.patientID and  r.serviceID = s.servicesID and r.status = "Pending";
[2025-01-26 01:28:09] SELECT * FROM patient 
[2025-01-26 01:28:09] select r.requestID, concat(p.first_name," ",p.surname) "fullname", r.serviceType, r.scheduleDate, r.status FROM request r, patient p, services s where r.patientID = p.patientID and  r.serviceID = s.servicesID and r.status = "Pending";
[2025-01-26 01:28:33] SELECT * FROM patient 
[2025-01-26 01:28:33] select r.requestID, concat(p.first_name," ",p.surname) "fullname", r.serviceType, r.scheduleDate, r.status FROM request r, patient p, services s where r.patientID = p.patientID and  r.serviceID = s.servicesID and r.status = "Pending";
[2025-01-26 01:29:28] SELECT * FROM patient 
[2025-01-26 01:29:28] select r.requestID, concat(p.first_name," ",p.surname) "fullname", r.serviceType, r.scheduleDate, r.status FROM request r, patient p, services s where r.patientID = p.patientID and  r.serviceID = s.servicesID and r.status = "Pending";
[2025-01-26 01:41:47] SELECT * FROM patient 
[2025-01-26 01:41:47] SELECT * FROM patient 
[2025-01-26 01:41:47] select r.requestID, concat(p.first_name," ",p.surname) "fullname", r.serviceType, r.scheduleDate, r.status FROM request r, patient p, services s where r.patientID = p.patientID and  r.serviceID = s.servicesID and r.status = "Pending";
[2025-01-26 01:43:53] SELECT * FROM patient 
[2025-01-26 01:43:53] SELECT * FROM patient 
[2025-01-26 01:43:53] select r.requestID, concat(p.first_name," ",p.surname) "fullname", r.serviceType, r.scheduleDate, r.status FROM request r, patient p, services s where r.patientID = p.patientID and  r.serviceID = s.servicesID and r.status = "Pending";
[2025-01-26 01:46:20] SELECT * FROM patient 
[2025-01-26 01:46:20] SELECT * FROM patient 
[2025-01-26 01:46:21] select r.requestID, concat(p.first_name," ",p.surname) "fullname", r.serviceType, r.scheduleDate, r.status FROM request r, patient p, services s where r.patientID = p.patientID and  r.serviceID = s.servicesID and r.status = "Pending";
[2025-01-26 01:50:11] SELECT * FROM patient 
[2025-01-26 01:50:11] SELECT * FROM patient 
[2025-01-26 01:50:11] select r.requestID, concat(p.first_name," ",p.surname) "fullname", r.serviceType, r.scheduleDate, r.status FROM request r, patient p, services s where r.patientID = p.patientID and  r.serviceID = s.servicesID and r.status = "Pending";
[2025-01-26 01:54:49] SELECT * FROM patient 
[2025-01-26 01:54:49] SELECT * FROM patient 
[2025-01-26 01:54:50] select r.requestID, concat(p.first_name," ",p.surname) "fullname", r.serviceType, r.scheduleDate, r.status FROM request r, patient p, services s where r.patientID = p.patientID and  r.serviceID = s.servicesID and r.status = "Pending";
[2025-01-26 01:55:09] SELECT * FROM patient 
[2025-01-26 01:55:09] SELECT * FROM patient 
[2025-01-26 01:55:09] select r.requestID, concat(p.first_name," ",p.surname) "fullname", r.serviceType, r.scheduleDate, r.status FROM request r, patient p, services s where r.patientID = p.patientID and  r.serviceID = s.servicesID and r.status = "Pending";
[2025-01-26 05:06:58] select r.requestID, concat(p.first_name," ",p.surname) "fullname", r.serviceType, r.scheduleDate, r.status FROM request r, patient p, services s where r.patientID = p.patientID and  r.serviceID = s.servicesID and r.status = "Pending";
[2025-01-26 05:06:58] select count(*) as 'count' from patient
[2025-01-26 05:06:58] select count(*) as 'count' from hc_medicineinventory
[2025-01-26 05:06:59] select count(*) as 'count' from appointment
[2025-01-26 05:06:59] select count(*) as 'count' from request where status = 'pending'
[2025-01-26 05:07:02] select r.requestID, concat(p.first_name," ",p.surname) "fullname", r.serviceType, r.scheduleDate, r.status FROM request r, patient p, services s where r.patientID = p.patientID and  r.serviceID = s.servicesID and r.status = "Pending";
[2025-01-26 05:29:15] select r.requestID, concat(p.first_name," ",p.surname) "fullname", r.serviceType, r.scheduleDate, r.status FROM request r, patient p, services s where r.patientID = p.patientID and  r.serviceID = s.servicesID and r.status = "Pending";
[2025-01-26 05:29:15] select count(*) as 'count' from patient
[2025-01-26 05:29:15] select count(*) as 'count' from hc_medicineinventory
[2025-01-26 05:29:15] select count(*) as 'count' from appointment
[2025-01-26 05:29:15] select count(*) as 'count' from request where status = 'pending'
[2025-01-26 05:29:17] SELECT * FROM hc_medicineinventory 
[2025-01-26 05:29:17] select r.requestID, concat(p.first_name," ",p.surname) "fullname", r.serviceType, r.scheduleDate, r.status FROM request r, patient p, services s where r.patientID = p.patientID and  r.serviceID = s.servicesID and r.status = "Pending";
[2025-01-26 05:29:19] select r.requestID, concat(p.first_name," ",p.surname) "fullname", r.serviceType, r.scheduleDate, r.status FROM request r, patient p, services s where r.patientID = p.patientID and  r.serviceID = s.servicesID and r.status = "Pending";
[2025-01-26 07:58:05] select r.requestID, concat(p.first_name," ",p.surname) "fullname", r.serviceType, r.scheduleDate, r.status FROM request r, patient p, services s where r.patientID = p.patientID and  r.serviceID = s.servicesID and r.status = "Pending";
[2025-01-26 07:58:26] select r.requestID, concat(p.first_name," ",p.surname) "fullname", r.serviceType, r.scheduleDate, r.status FROM request r, patient p, services s where r.patientID = p.patientID and  r.serviceID = s.servicesID and r.status = "Pending";
[2025-01-26 11:11:39] select r.requestID, concat(p.first_name," ",p.surname) "fullname", r.serviceType, r.scheduleDate, r.status FROM request r, patient p, services s where r.patientID = p.patientID and  r.serviceID = s.servicesID and r.status = "Pending";
[2025-01-26 11:11:39] select count(*) as 'count' from patient
[2025-01-26 11:11:39] select count(*) as 'count' from hc_medicineinventory
[2025-01-26 11:11:39] select count(*) as 'count' from appointment
[2025-01-26 11:11:39] select count(*) as 'count' from request where status = 'pending'
[2025-01-26 11:11:41] select r.requestID, concat(p.first_name," ",p.surname) "fullname", r.serviceType, r.scheduleDate, r.status FROM request r, patient p, services s where r.patientID = p.patientID and  r.serviceID = s.servicesID and r.status = "Pending";
[2025-01-26 11:14:39] select r.requestID, concat(p.first_name," ",p.surname) "fullname", r.serviceType, r.scheduleDate, r.status FROM request r, patient p, services s where r.patientID = p.patientID and  r.serviceID = s.servicesID and r.status = "Pending";
[2025-01-26 11:17:35] INSERT INTO patient (first_name, surname, bday, age, contact, civil_status, occupation, religion, sex, home_address) VALUES ('', '', '', '', '', '', '', '', '', '')
[2025-01-26 11:17:35] INSERT INTO referredto (patientID, refferedToLoc, date, time) VALUES ('25', '', '2025-01-26', '')
[2025-01-26 11:17:35] SQLSTATE[42S22]: Column not found: 1054 Unknown column 'refferedToLoc' in 'field list' 2 C:\xampp\htdocs\hc\_php\controller\Form.php(105): db_insert('referredto', Array)

6 {main}
[2025-01-26 11:17:35] INSERT INTO referredfrom (patientID, date, time) VALUES ('25', '2025-01-26', '')
[2025-01-26 11:17:35] SQLSTATE[23000]: Integrity constraint violation: 1048 Column 'Time' cannot be null 2 C:\xampp\htdocs\hc\_php\controller\Form.php(113): db_insert('referredfrom', Array)

6 {main}
[2025-01-26 11:17:35] INSERT INTO vitalsign (patientID, BP, HR, TEMPT, WEIGHT) VALUES ('25', '', '', '', '')
[2025-01-26 11:17:35] INSERT INTO ob_history (patientID, G, P, MP, EDC, ACH, FH, FHR, Pelvic_exam) VALUES ('25', '', '', '', '', '', '', '', '')
[2025-01-26 11:17:39] select r.requestID, concat(p.first_name," ",p.surname) "fullname", r.serviceType, r.scheduleDate, r.status FROM request r, patient p, services s where r.patientID = p.patientID and  r.serviceID = s.servicesID and r.status = "Pending";
[2025-01-26 11:19:14] INSERT INTO patient (first_name, surname, bday, age, contact, civil_status, occupation, religion, sex, home_address) VALUES ('', '', '', '', '', '', '', '', '', '')
[2025-01-26 11:19:14] INSERT INTO referredto (patientID, refferedToLoc, date, time) VALUES ('26', '', '2025-01-26', '')
[2025-01-26 11:19:14] SQLSTATE[42S22]: Column not found: 1054 Unknown column 'refferedToLoc' in 'field list' 2 C:\xampp\htdocs\hc\_php\controller\Form.php(105): db_insert('referredto', Array)

6 {main}
[2025-01-26 11:19:14] INSERT INTO referredfrom (patientID, date, time) VALUES ('26', '2025-01-26', '')
[2025-01-26 11:19:14] SQLSTATE[23000]: Integrity constraint violation: 1048 Column 'Time' cannot be null 2 C:\xampp\htdocs\hc\_php\controller\Form.php(113): db_insert('referredfrom', Array)

6 {main}
[2025-01-26 11:19:14] INSERT INTO vitalsign (patientID, BP, HR, TEMPT, WEIGHT) VALUES ('26', '', '', '', '')
[2025-01-26 11:19:14] INSERT INTO ob_history (patientID, G, P, MP, EDC, ACH, FH, FHR, Pelvic_exam) VALUES ('26', '', '', '', '', '', '', '', '')
[2025-01-26 11:19:23] select r.requestID, concat(p.first_name," ",p.surname) "fullname", r.serviceType, r.scheduleDate, r.status FROM request r, patient p, services s where r.patientID = p.patientID and  r.serviceID = s.servicesID and r.status = "Pending";
[2025-01-26 11:20:16] INSERT INTO patient (first_name, surname, bday, age, contact, civil_status, occupation, religion, sex, home_address) VALUES ('', '', '', '', '', '', '', '', '', '')
[2025-01-26 11:20:16] INSERT INTO referredto (patientID, refferedToLoc, date, time) VALUES ('27', '', '2025-01-26', '')
[2025-01-26 11:20:16] SQLSTATE[42S22]: Column not found: 1054 Unknown column 'refferedToLoc' in 'field list' 2 C:\xampp\htdocs\hc\_php\controller\Form.php(105): db_insert('referredto', Array)

6 {main}
[2025-01-26 11:20:16] INSERT INTO referredfrom (patientID, date, time) VALUES ('27', '2025-01-26', '')
[2025-01-26 11:20:16] SQLSTATE[23000]: Integrity constraint violation: 1048 Column 'Time' cannot be null 2 C:\xampp\htdocs\hc\_php\controller\Form.php(113): db_insert('referredfrom', Array)

6 {main}
[2025-01-26 11:20:16] INSERT INTO vitalsign (patientID, BP, HR, TEMPT, WEIGHT) VALUES ('27', '', '', '', '')
[2025-01-26 11:20:16] INSERT INTO ob_history (patientID, G, P, MP, EDC, ACH, FH, FHR, Pelvic_exam) VALUES ('27', '', '', '', '', '', '', '', '')
[2025-01-26 11:20:38] select r.requestID, concat(p.first_name," ",p.surname) "fullname", r.serviceType, r.scheduleDate, r.status FROM request r, patient p, services s where r.patientID = p.patientID and  r.serviceID = s.servicesID and r.status = "Pending";
[2025-01-26 11:20:58] INSERT INTO patient (first_name, surname, bday, age, contact, civil_status, occupation, religion, sex, home_address) VALUES ('', '', '', '', '', '', '', '', '', '')
[2025-01-26 11:20:58] INSERT INTO referredto (patientID, refferedToLoc, date, time) VALUES ('28', '', '2025-01-26', '')
[2025-01-26 11:20:58] SQLSTATE[42S22]: Column not found: 1054 Unknown column 'refferedToLoc' in 'field list' 2 C:\xampp\htdocs\hc\_php\controller\Form.php(105): db_insert('referredto', Array)

6 {main}
[2025-01-26 11:20:58] INSERT INTO referredfrom (patientID, date, time) VALUES ('28', '2025-01-26', '')
[2025-01-26 11:20:58] SQLSTATE[23000]: Integrity constraint violation: 1048 Column 'Time' cannot be null 2 C:\xampp\htdocs\hc\_php\controller\Form.php(113): db_insert('referredfrom', Array)

6 {main}
[2025-01-26 11:20:58] INSERT INTO vitalsign (patientID, BP, HR, TEMPT, WEIGHT) VALUES ('28', '', '', '', '')
[2025-01-26 11:20:58] INSERT INTO ob_history (patientID, G, P, MP, EDC, ACH, FH, FHR, Pelvic_exam) VALUES ('28', '', '', '', '', '', '', '', '')
[2025-01-26 11:21:16] select r.requestID, concat(p.first_name," ",p.surname) "fullname", r.serviceType, r.scheduleDate, r.status FROM request r, patient p, services s where r.patientID = p.patientID and  r.serviceID = s.servicesID and r.status = "Pending";
[2025-01-26 11:21:39] INSERT INTO patient (first_name, surname, bday, age, contact, civil_status, occupation, religion, sex, home_address) VALUES ('', '', '', '', '', '', '', '', '', '')
[2025-01-26 11:21:39] INSERT INTO referredto (patientID, refferedToLoc, date, time) VALUES ('29', '', '2025-01-26', '')
[2025-01-26 11:21:39] SQLSTATE[42S22]: Column not found: 1054 Unknown column 'refferedToLoc' in 'field list' 2 C:\xampp\htdocs\hc\_php\controller\Form.php(105): db_insert('referredto', Array)

6 {main}
[2025-01-26 11:21:39] INSERT INTO referredfrom (patientID, date, time) VALUES ('29', '2025-01-26', '')
[2025-01-26 11:21:39] SQLSTATE[23000]: Integrity constraint violation: 1048 Column 'Time' cannot be null 2 C:\xampp\htdocs\hc\_php\controller\Form.php(113): db_insert('referredfrom', Array)

6 {main}
[2025-01-26 11:21:39] INSERT INTO vitalsign (patientID, BP, HR, TEMPT, WEIGHT) VALUES ('29', '', '', '', '')
[2025-01-26 11:21:39] INSERT INTO ob_history (patientID, G, P, MP, EDC, ACH, FH, FHR, Pelvic_exam) VALUES ('29', '', '', '', '', '', '', '', '')
[2025-01-26 11:27:37] select r.requestID, concat(p.first_name," ",p.surname) "fullname", r.serviceType, r.scheduleDate, r.status FROM request r, patient p, services s where r.patientID = p.patientID and  r.serviceID = s.servicesID and r.status = "Pending";
[2025-01-26 11:27:44] INSERT INTO patient (first_name, surname, bday, age, contact, civil_status, occupation, religion, sex, home_address) VALUES ('', '', '', '', '', '', '', '', '', '')
[2025-01-26 11:27:44] INSERT INTO referredto (patientID, referredToLoc, date, time) VALUES ('30', '', '2025-01-26', '')
[2025-01-26 11:27:44] SQLSTATE[23000]: Integrity constraint violation: 1048 Column 'referredToLoc' cannot be null 2 C:\xampp\htdocs\hc\_php\controller\Form.php(105): db_insert('referredto', Array)

6 {main}
[2025-01-26 11:27:44] INSERT INTO referredfrom (patientID, date, time) VALUES ('30', '2025-01-26', '')
[2025-01-26 11:27:44] SQLSTATE[23000]: Integrity constraint violation: 1048 Column 'Time' cannot be null 2 C:\xampp\htdocs\hc\_php\controller\Form.php(113): db_insert('referredfrom', Array)

6 {main}
[2025-01-26 11:27:44] INSERT INTO vitalsign (patientID, BP, HR, TEMPT, WEIGHT) VALUES ('30', '', '', '', '')
[2025-01-26 11:27:44] INSERT INTO ob_history (patientID, G, P, MP, EDC, ACH, FH, FHR, Pelvic_exam) VALUES ('30', '', '', '', '', '', '', '', '')
[2025-01-26 11:27:47] select r.requestID, concat(p.first_name," ",p.surname) "fullname", r.serviceType, r.scheduleDate, r.status FROM request r, patient p, services s where r.patientID = p.patientID and  r.serviceID = s.servicesID and r.status = "Pending";
[2025-01-26 11:28:19] INSERT INTO patient (first_name, surname, bday, age, contact, civil_status, occupation, religion, sex, home_address) VALUES ('', '', '', '', '', '', '', '', '', '')
[2025-01-26 11:28:19] INSERT INTO referredto (patientID, referredToLoc, date, time) VALUES ('31', '', '2025-01-26', '')
[2025-01-26 11:28:19] SQLSTATE[23000]: Integrity constraint violation: 1048 Column 'referredToLoc' cannot be null 2 C:\xampp\htdocs\hc\_php\controller\Form.php(105): db_insert('referredto', Array)

6 {main}
[2025-01-26 11:28:19] INSERT INTO referredfrom (patientID, date, time) VALUES ('31', '2025-01-26', '')
[2025-01-26 11:28:19] SQLSTATE[23000]: Integrity constraint violation: 1048 Column 'Time' cannot be null 2 C:\xampp\htdocs\hc\_php\controller\Form.php(113): db_insert('referredfrom', Array)

6 {main}
[2025-01-26 11:28:19] INSERT INTO vitalsign (patientID, BP, HR, TEMPT, WEIGHT) VALUES ('31', '', '', '', '')
[2025-01-26 11:28:19] INSERT INTO ob_history (patientID, G, P, MP, EDC, ACH, FH, FHR, Pelvic_exam) VALUES ('31', '', '', '', '', '', '', '', '')
[2025-01-26 11:28:22] select r.requestID, concat(p.first_name," ",p.surname) "fullname", r.serviceType, r.scheduleDate, r.status FROM request r, patient p, services s where r.patientID = p.patientID and  r.serviceID = s.servicesID and r.status = "Pending";
[2025-01-26 11:29:17] INSERT INTO patient (first_name, surname, bday, age, contact, civil_status, occupation, religion, sex, home_address) VALUES ('', '', '', '', '', '', '', '', '', '')
[2025-01-26 11:29:17] INSERT INTO referredto (patientID, referredToLoc, date, time) VALUES ('32', '', '2025-01-26', '')
[2025-01-26 11:29:17] SQLSTATE[23000]: Integrity constraint violation: 1048 Column 'referredToLoc' cannot be null 2 C:\xampp\htdocs\hc\_php\controller\Form.php(105): db_insert('referredto', Array)

6 {main}
[2025-01-26 11:29:17] INSERT INTO referredfrom (patientID, date, time) VALUES ('32', '2025-01-26', '')
[2025-01-26 11:29:17] SQLSTATE[23000]: Integrity constraint violation: 1048 Column 'Time' cannot be null 2 C:\xampp\htdocs\hc\_php\controller\Form.php(113): db_insert('referredfrom', Array)

6 {main}
[2025-01-26 11:29:17] INSERT INTO vitalsign (patientID, BP, HR, TEMPT, WEIGHT) VALUES ('32', '', '', '', '')
[2025-01-26 11:29:17] INSERT INTO ob_history (patientID, G, P, MP, EDC, ACH, FH, FHR, Pelvic_exam) VALUES ('32', '', '', '', '', '', '', '', '')
[2025-01-26 11:31:03] select r.requestID, concat(p.first_name," ",p.surname) "fullname", r.serviceType, r.scheduleDate, r.status FROM request r, patient p, services s where r.patientID = p.patientID and  r.serviceID = s.servicesID and r.status = "Pending";
[2025-01-26 11:31:21] INSERT INTO patient (first_name, surname, bday, age, contact, civil_status, occupation, religion, sex, home_address) VALUES ('', '', '', '', '', '', '', '', '', '')
[2025-01-26 11:31:21] INSERT INTO referredto (patientID, referredToLoc, date, time) VALUES ('33', '', '2025-01-26', '')
[2025-01-26 11:31:21] SQLSTATE[23000]: Integrity constraint violation: 1048 Column 'referredToLoc' cannot be null 2 C:\xampp\htdocs\hc\_php\controller\Form.php(105): db_insert('referredto', Array)

6 {main}
[2025-01-26 11:31:21] INSERT INTO referredfrom (patientID, date, time) VALUES ('33', '2025-01-26', '')
[2025-01-26 11:31:21] SQLSTATE[23000]: Integrity constraint violation: 1048 Column 'Time' cannot be null 2 C:\xampp\htdocs\hc\_php\controller\Form.php(113): db_insert('referredfrom', Array)

6 {main}
[2025-01-26 11:31:21] INSERT INTO vitalsign (patientID, BP, HR, TEMPT, WEIGHT) VALUES ('33', '', '', '', '')
[2025-01-26 11:31:21] INSERT INTO ob_history (patientID, G, P, MP, EDC, ACH, FH, FHR, Pelvic_exam) VALUES ('33', '', '', '', '', '', '', '', '')
[2025-01-26 11:32:51] select r.requestID, concat(p.first_name," ",p.surname) "fullname", r.serviceType, r.scheduleDate, r.status FROM request r, patient p, services s where r.patientID = p.patientID and  r.serviceID = s.servicesID and r.status = "Pending";
[2025-01-26 11:32:53] select r.requestID, concat(p.first_name," ",p.surname) "fullname", r.serviceType, r.scheduleDate, r.status FROM request r, patient p, services s where r.patientID = p.patientID and  r.serviceID = s.servicesID and r.status = "Pending";
[2025-01-26 11:33:01] INSERT INTO patient (first_name, surname, bday, age, contact, civil_status, occupation, religion, sex, home_address) VALUES ('', '', '', '', '', '', '', '', '', '')
[2025-01-26 11:33:01] INSERT INTO referredto (patientID, referredToLoc, date, time) VALUES ('34', '', '2025-01-26', '')
[2025-01-26 11:33:01] SQLSTATE[23000]: Integrity constraint violation: 1048 Column 'referredToLoc' cannot be null 2 C:\xampp\htdocs\hc\_php\controller\Form.php(105): db_insert('referredto', Array)

6 {main}
[2025-01-26 11:33:01] INSERT INTO referredfrom (patientID, date, time) VALUES ('34', '2025-01-26', '')
[2025-01-26 11:33:01] SQLSTATE[23000]: Integrity constraint violation: 1048 Column 'Time' cannot be null 2 C:\xampp\htdocs\hc\_php\controller\Form.php(113): db_insert('referredfrom', Array)

6 {main}
[2025-01-26 11:33:01] INSERT INTO vitalsign (patientID, BP, HR, TEMPT, WEIGHT) VALUES ('34', '', '', '', '')
[2025-01-26 11:33:01] INSERT INTO ob_history (patientID, G, P, MP, EDC, ACH, FH, FHR, Pelvic_exam) VALUES ('34', '', '', '', '', '', '', '', '')
[2025-01-26 11:33:54] select r.requestID, concat(p.first_name," ",p.surname) "fullname", r.serviceType, r.scheduleDate, r.status FROM request r, patient p, services s where r.patientID = p.patientID and  r.serviceID = s.servicesID and r.status = "Pending";
[2025-01-26 11:34:08] INSERT INTO patient (first_name, surname, bday, age, contact, civil_status, occupation, religion, sex, home_address) VALUES ('', '', '', '', '', '', '', '', '', '')
[2025-01-26 11:34:08] INSERT INTO referredto (patientID, referredToLoc, date, time) VALUES ('35', '', '2025-01-26', '')
[2025-01-26 11:34:08] SQLSTATE[23000]: Integrity constraint violation: 1048 Column 'referredToLoc' cannot be null 2 C:\xampp\htdocs\hc\_php\controller\Form.php(105): db_insert('referredto', Array)

6 {main}
[2025-01-26 11:34:08] INSERT INTO referredfrom (patientID, date, time) VALUES ('35', '2025-01-26', '')
[2025-01-26 11:34:08] SQLSTATE[23000]: Integrity constraint violation: 1048 Column 'Time' cannot be null 2 C:\xampp\htdocs\hc\_php\controller\Form.php(113): db_insert('referredfrom', Array)

6 {main}
[2025-01-26 11:34:08] INSERT INTO vitalsign (patientID, BP, HR, TEMPT, WEIGHT) VALUES ('35', '', '', '', '')
[2025-01-26 11:34:08] INSERT INTO ob_history (patientID, G, P, MP, EDC, ACH, FH, FHR, Pelvic_exam) VALUES ('35', '', '', '', '', '', '', '', '')
[2025-01-26 11:35:55] select r.requestID, concat(p.first_name," ",p.surname) "fullname", r.serviceType, r.scheduleDate, r.status FROM request r, patient p, services s where r.patientID = p.patientID and  r.serviceID = s.servicesID and r.status = "Pending";
[2025-01-26 11:36:02] INSERT INTO patient (first_name, surname, bday, age, contact, civil_status, occupation, religion, sex, home_address) VALUES ('', '', '', '', '', '', '', '', 'Male', '')
[2025-01-26 11:36:02] SQLSTATE[23000]: Integrity constraint violation: 1048 Column 'occupation' cannot be null 2 C:\xampp\htdocs\hc\_php\controller\Form.php(96): db_insert('patient', Array)

6 {main}
[2025-01-26 11:36:02] INSERT INTO referredto (patientID, referredToLoc, date, time) VALUES ('', '', '', '')
[2025-01-26 11:36:02] SQLSTATE[23000]: Integrity constraint violation: 1048 Column 'patientID' cannot be null 2 C:\xampp\htdocs\hc\_php\controller\Form.php(105): db_insert('referredto', Array)

6 {main}
[2025-01-26 11:36:02] INSERT INTO referredfrom (patientID, date, time) VALUES ('', '', '')
[2025-01-26 11:36:02] SQLSTATE[23000]: Integrity constraint violation: 1048 Column 'patientID' cannot be null 2 C:\xampp\htdocs\hc\_php\controller\Form.php(113): db_insert('referredfrom', Array)

6 {main}
[2025-01-26 11:36:02] INSERT INTO vitalsign (patientID, BP, HR, TEMPT, WEIGHT) VALUES ('', '', '', '', '')
[2025-01-26 11:36:02] SQLSTATE[23000]: Integrity constraint violation: 1048 Column 'patientID' cannot be null 2 C:\xampp\htdocs\hc\_php\controller\Form.php(122): db_insert('vitalsign', Array)

6 {main}
[2025-01-26 11:36:02] INSERT INTO ob_history (patientID, G, P, MP, EDC, ACH, FH, FHR, Pelvic_exam) VALUES ('', '', '', '', '', '', '', '', '')
[2025-01-26 11:36:02] SQLSTATE[23000]: Integrity constraint violation: 1048 Column 'patientID' cannot be null 2 C:\xampp\htdocs\hc\_php\controller\Form.php(135): db_insert('ob_history', Array)

6 {main}
[2025-01-26 11:36:43] select r.requestID, concat(p.first_name," ",p.surname) "fullname", r.serviceType, r.scheduleDate, r.status FROM request r, patient p, services s where r.patientID = p.patientID and  r.serviceID = s.servicesID and r.status = "Pending";
[2025-01-26 11:36:52] select r.requestID, concat(p.first_name," ",p.surname) "fullname", r.serviceType, r.scheduleDate, r.status FROM request r, patient p, services s where r.patientID = p.patientID and  r.serviceID = s.servicesID and r.status = "Pending";
[2025-01-26 11:37:15] select r.requestID, concat(p.first_name," ",p.surname) "fullname", r.serviceType, r.scheduleDate, r.status FROM request r, patient p, services s where r.patientID = p.patientID and  r.serviceID = s.servicesID and r.status = "Pending";
[2025-01-26 11:37:40] INSERT INTO patient (first_name, surname, bday, age, contact, civil_status, occupation, religion, sex, home_address) VALUES ('', '', '', '', '', '', '', '', 'Male', '')
[2025-01-26 11:37:40] SQLSTATE[23000]: Integrity constraint violation: 1048 Column 'occupation' cannot be null 2 C:\xampp\htdocs\hc\_php\controller\Form.php(96): db_insert('patient', Array)

6 {main}
[2025-01-26 11:37:40] INSERT INTO referredto (patientID, referredToLoc, date, time) VALUES ('', '', '2025-02-07', '')
[2025-01-26 11:37:40] SQLSTATE[23000]: Integrity constraint violation: 1048 Column 'patientID' cannot be null 2 C:\xampp\htdocs\hc\_php\controller\Form.php(105): db_insert('referredto', Array)

6 {main}
[2025-01-26 11:37:40] INSERT INTO referredfrom (patientID, date, time) VALUES ('', '2025-02-07', '')
[2025-01-26 11:37:40] SQLSTATE[23000]: Integrity constraint violation: 1048 Column 'patientID' cannot be null 2 C:\xampp\htdocs\hc\_php\controller\Form.php(113): db_insert('referredfrom', Array)

6 {main}
[2025-01-26 11:37:40] INSERT INTO vitalsign (patientID, BP, HR, TEMPT, WEIGHT) VALUES ('', '', '', '', '')
[2025-01-26 11:37:40] SQLSTATE[23000]: Integrity constraint violation: 1048 Column 'patientID' cannot be null 2 C:\xampp\htdocs\hc\_php\controller\Form.php(122): db_insert('vitalsign', Array)

6 {main}
[2025-01-26 11:37:40] INSERT INTO ob_history (patientID, G, P, MP, EDC, ACH, FH, FHR, Pelvic_exam) VALUES ('', '', '', '', '', '', '', '', '')
[2025-01-26 11:37:40] SQLSTATE[23000]: Integrity constraint violation: 1048 Column 'patientID' cannot be null 2 C:\xampp\htdocs\hc\_php\controller\Form.php(135): db_insert('ob_history', Array)

6 {main}
[2025-01-26 11:37:59] select r.requestID, concat(p.first_name," ",p.surname) "fullname", r.serviceType, r.scheduleDate, r.status FROM request r, patient p, services s where r.patientID = p.patientID and  r.serviceID = s.servicesID and r.status = "Pending";
[2025-01-26 11:39:24] INSERT INTO patient (first_name, surname, bday, age, contact, civil_status, occupation, religion, sex, home_address) VALUES ('ray'surname'', '2025-01-22', '21', '092193817334', 's', '', 's', 'Male', 'Purok 2 Libacao Himamaylan City Negros Occidental\nSPS building, San nicolas, Pasig city, Philippines', ?)
[2025-01-26 11:39:24] SQLSTATE[23000]: Integrity constraint violation: 1048 Column 'occupation' cannot be null 2 C:\xampp\htdocs\hc\_php\controller\Form.php(96): db_insert('patient', Array)

6 {main}
[2025-01-26 11:39:24] INSERT INTO referredto (patientID, referredToLoc, date, time) VALUES ('', 'dsfs', '2025-01-14', 'gfhjgf')
[2025-01-26 11:39:24] SQLSTATE[23000]: Integrity constraint violation: 1048 Column 'patientID' cannot be null 2 C:\xampp\htdocs\hc\_php\controller\Form.php(105): db_insert('referredto', Array)

6 {main}
[2025-01-26 11:39:24] INSERT INTO referredfrom (patientID, date, time) VALUES ('', '2025-01-14', 'gfhjgf')
[2025-01-26 11:39:24] SQLSTATE[23000]: Integrity constraint violation: 1048 Column 'patientID' cannot be null 2 C:\xampp\htdocs\hc\_php\controller\Form.php(113): db_insert('referredfrom', Array)

6 {main}
[2025-01-26 11:39:24] INSERT INTO vitalsign (patientID, BP, HR, TEMPT, WEIGHT) VALUES ('', '111', '222', '3434', '345')
[2025-01-26 11:39:24] SQLSTATE[23000]: Integrity constraint violation: 1048 Column 'patientID' cannot be null 2 C:\xampp\htdocs\hc\_php\controller\Form.php(122): db_insert('vitalsign', Array)

6 {main}
[2025-01-26 11:39:24] INSERT INTO ob_history (patientID, G, P, MP, EDC, ACH, FH, FHR, Pelvic_exam) VALUES ('', '65', '676', '76', '6', '6', '556', '67', '6')
[2025-01-26 11:39:24] SQLSTATE[23000]: Integrity constraint violation: 1048 Column 'patientID' cannot be null 2 C:\xampp\htdocs\hc\_php\controller\Form.php(135): db_insert('ob_history', Array)

6 {main}
[2025-01-26 11:39:27] select r.requestID, concat(p.first_name," ",p.surname) "fullname", r.serviceType, r.scheduleDate, r.status FROM request r, patient p, services s where r.patientID = p.patientID and  r.serviceID = s.servicesID and r.status = "Pending";
[2025-01-26 11:44:04] INSERT INTO patient (first_name, surname, bday, age, contact, civil_status, occupation, religion, sex, home_address) VALUES ('', '', '', '', '', '', '', '', 'Male', '')
[2025-01-26 11:44:04] SQLSTATE[23000]: Integrity constraint violation: 1048 Column 'occupation' cannot be null 2 C:\xampp\htdocs\hc\_php\controller\Form.php(96): db_insert('patient', Array)

6 {main}
[2025-01-26 11:44:04] INSERT INTO referredto (patientID, referredToLoc, date, time) VALUES ('', '', '2025-01-16', '')
[2025-01-26 11:44:04] SQLSTATE[23000]: Integrity constraint violation: 1048 Column 'patientID' cannot be null 2 C:\xampp\htdocs\hc\_php\controller\Form.php(105): db_insert('referredto', Array)

6 {main}
[2025-01-26 11:44:04] INSERT INTO referredfrom (patientID, date, time) VALUES ('', '2025-01-16', '')
[2025-01-26 11:44:04] SQLSTATE[23000]: Integrity constraint violation: 1048 Column 'patientID' cannot be null 2 C:\xampp\htdocs\hc\_php\controller\Form.php(113): db_insert('referredfrom', Array)

6 {main}
[2025-01-26 11:44:04] INSERT INTO vitalsign (patientID, BP, HR, TEMPT, WEIGHT) VALUES ('', '', '', '', '')
[2025-01-26 11:44:04] SQLSTATE[23000]: Integrity constraint violation: 1048 Column 'patientID' cannot be null 2 C:\xampp\htdocs\hc\_php\controller\Form.php(122): db_insert('vitalsign', Array)

6 {main}
[2025-01-26 11:44:04] INSERT INTO ob_history (patientID, G, P, MP, EDC, ACH, FH, FHR, Pelvic_exam) VALUES ('', '', '', '', '', '', '', '', '')
[2025-01-26 11:44:04] SQLSTATE[23000]: Integrity constraint violation: 1048 Column 'patientID' cannot be null 2 C:\xampp\htdocs\hc\_php\controller\Form.php(135): db_insert('ob_history', Array)

6 {main}
[2025-01-26 11:44:04] INSERT INTO appointment (patientID, scheduleID, servicesID, applicationDate, Status) VALUES ('', '1', '3', '2025-01-26', 'completed')
[2025-01-26 11:44:04] SQLSTATE[23000]: Integrity constraint violation: 1048 Column 'patientID' cannot be null 2 C:\xampp\htdocs\hc\_php\controller\Form.php(144): db_insert('appointment', Array)

6 {main}
[2025-01-26 11:46:09] select r.requestID, concat(p.first_name," ",p.surname) "fullname", r.serviceType, r.scheduleDate, r.status FROM request r, patient p, services s where r.patientID = p.patientID and  r.serviceID = s.servicesID and r.status = "Pending";
[2025-01-26 11:49:56] select r.requestID, concat(p.first_name," ",p.surname) "fullname", r.serviceType, r.scheduleDate, r.status FROM request r, patient p, services s where r.patientID = p.patientID and  r.serviceID = s.servicesID and r.status = "Pending";
[2025-01-26 11:50:33] select r.requestID, concat(p.first_name," ",p.surname) "fullname", r.serviceType, r.scheduleDate, r.status FROM request r, patient p, services s where r.patientID = p.patientID and  r.serviceID = s.servicesID and r.status = "Pending";
[2025-01-26 11:50:33] select r.requestID, concat(p.first_name," ",p.surname) "fullname", r.serviceType, r.scheduleDate, r.status FROM request r, patient p, services s where r.patientID = p.patientID and  r.serviceID = s.servicesID and r.status = "Pending";
[2025-01-26 11:50:43] select r.requestID, concat(p.first_name," ",p.surname) "fullname", r.serviceType, r.scheduleDate, r.status FROM request r, patient p, services s where r.patientID = p.patientID and  r.serviceID = s.servicesID and r.status = "Pending";
[2025-01-26 11:52:16] select r.requestID, concat(p.first_name," ",p.surname) "fullname", r.serviceType, r.scheduleDate, r.status FROM request r, patient p, services s where r.patientID = p.patientID and  r.serviceID = s.servicesID and r.status = "Pending";
[2025-01-26 11:52:50] select r.requestID, concat(p.first_name," ",p.surname) "fullname", r.serviceType, r.scheduleDate, r.status FROM request r, patient p, services s where r.patientID = p.patientID and  r.serviceID = s.servicesID and r.status = "Pending";
[2025-01-26 11:53:28] select r.requestID, concat(p.first_name," ",p.surname) "fullname", r.serviceType, r.scheduleDate, r.status FROM request r, patient p, services s where r.patientID = p.patientID and  r.serviceID = s.servicesID and r.status = "Pending";
[2025-01-26 11:54:01] select r.requestID, concat(p.first_name," ",p.surname) "fullname", r.serviceType, r.scheduleDate, r.status FROM request r, patient p, services s where r.patientID = p.patientID and  r.serviceID = s.servicesID and r.status = "Pending";
[2025-01-26 11:54:49] select r.requestID, concat(p.first_name," ",p.surname) "fullname", r.serviceType, r.scheduleDate, r.status FROM request r, patient p, services s where r.patientID = p.patientID and  r.serviceID = s.servicesID and r.status = "Pending";
[2025-01-26 11:56:50] INSERT INTO patient (first_name, surname, bday, age, contact, civil_status, occupation, religion, sex, home_address) VALUES ('ray'surname'', '2025-01-29', '21', '092193817334', 's', '', 's', 'Female', 'Purok 2 Libacao Himamaylan City Negros Occidental\nSPS building, San nicolas, Pasig city, Philippines', ?)
[2025-01-26 11:56:50] SQLSTATE[23000]: Integrity constraint violation: 1048 Column 'occupation' cannot be null 2 C:\xampp\htdocs\hc\_php\controller\Form.php(104): db_insert('patient', Array)

6 {main}
[2025-01-26 11:56:50] INSERT INTO referredto (patientID, referredToLoc, date, time) VALUES ('', 'sdasdas', '2025-01-15', 'gfhjgf')
[2025-01-26 11:56:50] SQLSTATE[23000]: Integrity constraint violation: 1048 Column 'patientID' cannot be null 2 C:\xampp\htdocs\hc\_php\controller\Form.php(113): db_insert('referredto', Array)

6 {main}
[2025-01-26 11:56:50] INSERT INTO referredfrom (patientID, date, time) VALUES ('', '2025-01-15', 'gfhjgf')
[2025-01-26 11:56:50] SQLSTATE[23000]: Integrity constraint violation: 1048 Column 'patientID' cannot be null 2 C:\xampp\htdocs\hc\_php\controller\Form.php(121): db_insert('referredfrom', Array)

6 {main}
[2025-01-26 11:56:50] INSERT INTO vitalsign (patientID, BP, HR, TEMPT, WEIGHT) VALUES ('', '111', '222', '3434', '345')
[2025-01-26 11:56:50] SQLSTATE[23000]: Integrity constraint violation: 1048 Column 'patientID' cannot be null 2 C:\xampp\htdocs\hc\_php\controller\Form.php(130): db_insert('vitalsign', Array)

6 {main}
[2025-01-26 11:56:50] INSERT INTO ob_history (patientID, G, P, MP, EDC, ACH, FH, FHR, Pelvic_exam) VALUES ('', '65', '676', '76', '6', '6', '556', '67', '6')
[2025-01-26 11:56:50] SQLSTATE[23000]: Integrity constraint violation: 1048 Column 'patientID' cannot be null 2 C:\xampp\htdocs\hc\_php\controller\Form.php(143): db_insert('ob_history', Array)

6 {main}
[2025-01-26 11:56:50] INSERT INTO appointment (patientID, scheduleID, servicesID, applicationDate, Status) VALUES ('', '1', '3', '2025-01-26', 'completed')
[2025-01-26 11:56:50] SQLSTATE[23000]: Integrity constraint violation: 1048 Column 'patientID' cannot be null 2 C:\xampp\htdocs\hc\_php\controller\Form.php(152): db_insert('appointment', Array)

6 {main}
[2025-01-26 11:56:54] INSERT INTO patient (first_name, surname, bday, age, contact, civil_status, occupation, religion, sex, home_address) VALUES ('ray'surname'', '2025-01-29', '21', '092193817334', 's', '', 's', 'Female', 'Purok 2 Libacao Himamaylan City Negros Occidental\nSPS building, San nicolas, Pasig city, Philippines', ?)
[2025-01-26 11:56:54] SQLSTATE[23000]: Integrity constraint violation: 1048 Column 'occupation' cannot be null 2 C:\xampp\htdocs\hc\_php\controller\Form.php(104): db_insert('patient', Array)

6 {main}
[2025-01-26 11:56:54] INSERT INTO referredto (patientID, referredToLoc, date, time) VALUES ('', 'sdasdas', '2025-01-15', 'gfhjgf')
[2025-01-26 11:56:54] SQLSTATE[23000]: Integrity constraint violation: 1048 Column 'patientID' cannot be null 2 C:\xampp\htdocs\hc\_php\controller\Form.php(113): db_insert('referredto', Array)

6 {main}
[2025-01-26 11:56:54] INSERT INTO referredfrom (patientID, date, time) VALUES ('', '2025-01-15', 'gfhjgf')
[2025-01-26 11:56:54] SQLSTATE[23000]: Integrity constraint violation: 1048 Column 'patientID' cannot be null 2 C:\xampp\htdocs\hc\_php\controller\Form.php(121): db_insert('referredfrom', Array)

6 {main}
[2025-01-26 11:56:54] INSERT INTO vitalsign (patientID, BP, HR, TEMPT, WEIGHT) VALUES ('', '111', '222', '3434', '345')
[2025-01-26 11:56:54] SQLSTATE[23000]: Integrity constraint violation: 1048 Column 'patientID' cannot be null 2 C:\xampp\htdocs\hc\_php\controller\Form.php(130): db_insert('vitalsign', Array)

6 {main}
[2025-01-26 11:56:54] INSERT INTO ob_history (patientID, G, P, MP, EDC, ACH, FH, FHR, Pelvic_exam) VALUES ('', '65', '676', '76', '6', '6', '556', '67', '6')
[2025-01-26 11:56:54] SQLSTATE[23000]: Integrity constraint violation: 1048 Column 'patientID' cannot be null 2 C:\xampp\htdocs\hc\_php\controller\Form.php(143): db_insert('ob_history', Array)

6 {main}
[2025-01-26 11:56:54] INSERT INTO appointment (patientID, scheduleID, servicesID, applicationDate, Status) VALUES ('', '1', '3', '2025-01-26', 'completed')
[2025-01-26 11:56:54] SQLSTATE[23000]: Integrity constraint violation: 1048 Column 'patientID' cannot be null 2 C:\xampp\htdocs\hc\_php\controller\Form.php(152): db_insert('appointment', Array)

6 {main}
[2025-01-26 11:57:14] INSERT INTO patient (first_name, surname, bday, age, contact, civil_status, occupation, religion, sex, home_address) VALUES ('ray'surname'', '2025-01-29', '21', '092193817334', 's', '', 's', 'Female', 'Purok 2 Libacao Himamaylan City Negros Occidental\nSPS building, San nicolas, Pasig city, Philippines', ?)
[2025-01-26 11:57:14] SQLSTATE[23000]: Integrity constraint violation: 1048 Column 'occupation' cannot be null 2 C:\xampp\htdocs\hc\_php\controller\Form.php(104): db_insert('patient', Array)

6 {main}
[2025-01-26 11:57:14] INSERT INTO referredto (patientID, referredToLoc, date, time) VALUES ('', 'sdasdas', '2025-01-15', 'gfhjgf')
[2025-01-26 11:57:14] SQLSTATE[23000]: Integrity constraint violation: 1048 Column 'patientID' cannot be null 2 C:\xampp\htdocs\hc\_php\controller\Form.php(113): db_insert('referredto', Array)

6 {main}
[2025-01-26 11:57:14] INSERT INTO referredfrom (patientID, date, time) VALUES ('', '2025-01-15', 'gfhjgf')
[2025-01-26 11:57:14] SQLSTATE[23000]: Integrity constraint violation: 1048 Column 'patientID' cannot be null 2 C:\xampp\htdocs\hc\_php\controller\Form.php(121): db_insert('referredfrom', Array)

6 {main}
[2025-01-26 11:57:14] INSERT INTO vitalsign (patientID, BP, HR, TEMPT, WEIGHT) VALUES ('', '111', '222', '3434', '345')
[2025-01-26 11:57:14] SQLSTATE[23000]: Integrity constraint violation: 1048 Column 'patientID' cannot be null 2 C:\xampp\htdocs\hc\_php\controller\Form.php(130): db_insert('vitalsign', Array)

6 {main}
[2025-01-26 11:57:14] INSERT INTO ob_history (patientID, G, P, MP, EDC, ACH, FH, FHR, Pelvic_exam) VALUES ('', '65', '676', '76', '6', '6', '556', '67', '6')
[2025-01-26 11:57:14] SQLSTATE[23000]: Integrity constraint violation: 1048 Column 'patientID' cannot be null 2 C:\xampp\htdocs\hc\_php\controller\Form.php(143): db_insert('ob_history', Array)

6 {main}
[2025-01-26 11:57:14] INSERT INTO appointment (patientID, scheduleID, servicesID, applicationDate, Status) VALUES ('', '1', '3', '2025-01-26', 'completed')
[2025-01-26 11:57:14] SQLSTATE[23000]: Integrity constraint violation: 1048 Column 'patientID' cannot be null 2 C:\xampp\htdocs\hc\_php\controller\Form.php(152): db_insert('appointment', Array)

6 {main}
[2025-01-26 11:57:36] INSERT INTO patient (first_name, surname, bday, age, contact, civil_status, occupation, religion, sex, home_address) VALUES ('ray'surname'', '2025-01-29', '21', '092193817334', 's', '', 's', 'Female', 'Purok 2 Libacao Himamaylan City Negros Occidental\nSPS building, San nicolas, Pasig city, Philippines', ?)
[2025-01-26 11:57:36] SQLSTATE[23000]: Integrity constraint violation: 1048 Column 'occupation' cannot be null 2 C:\xampp\htdocs\hc\_php\controller\Form.php(104): db_insert('patient', Array)

6 {main}
[2025-01-26 11:57:36] INSERT INTO referredto (patientID, referredToLoc, date, time) VALUES ('', 'sdasdas', '2025-01-15', 'gfhjgf')
[2025-01-26 11:57:36] SQLSTATE[23000]: Integrity constraint violation: 1048 Column 'patientID' cannot be null 2 C:\xampp\htdocs\hc\_php\controller\Form.php(113): db_insert('referredto', Array)

6 {main}
[2025-01-26 11:57:36] INSERT INTO referredfrom (patientID, date, time) VALUES ('', '2025-01-15', 'gfhjgf')
[2025-01-26 11:57:36] SQLSTATE[23000]: Integrity constraint violation: 1048 Column 'patientID' cannot be null 2 C:\xampp\htdocs\hc\_php\controller\Form.php(121): db_insert('referredfrom', Array)

6 {main}
[2025-01-26 11:57:36] INSERT INTO vitalsign (patientID, BP, HR, TEMPT, WEIGHT) VALUES ('', '111', '222', '3434', '345')
[2025-01-26 11:57:36] SQLSTATE[23000]: Integrity constraint violation: 1048 Column 'patientID' cannot be null 2 C:\xampp\htdocs\hc\_php\controller\Form.php(130): db_insert('vitalsign', Array)

6 {main}
[2025-01-26 11:57:36] INSERT INTO ob_history (patientID, G, P, MP, EDC, ACH, FH, FHR, Pelvic_exam) VALUES ('', '65', '676', '76', '6', '6', '556', '67', '6')
[2025-01-26 11:57:36] SQLSTATE[23000]: Integrity constraint violation: 1048 Column 'patientID' cannot be null 2 C:\xampp\htdocs\hc\_php\controller\Form.php(143): db_insert('ob_history', Array)

6 {main}
[2025-01-26 11:57:36] INSERT INTO appointment (patientID, scheduleID, servicesID, applicationDate, Status) VALUES ('', '1', '3', '2025-01-26', 'completed')
[2025-01-26 11:57:36] SQLSTATE[23000]: Integrity constraint violation: 1048 Column 'patientID' cannot be null 2 C:\xampp\htdocs\hc\_php\controller\Form.php(152): db_insert('appointment', Array)

6 {main}
[2025-01-26 12:00:44] select r.requestID, concat(p.first_name," ",p.surname) "fullname", r.serviceType, r.scheduleDate, r.status FROM request r, patient p, services s where r.patientID = p.patientID and  r.serviceID = s.servicesID and r.status = "Pending";
[2025-01-26 12:02:01] INSERT INTO patient (first_name, surname, bday, age, contact, civil_status, occupation, religion, sex, home_address) VALUES ('tyrone', 'surname', '2025-01-07', '21', '092193817334', 's', 's', 's', 'Male', 'Purok 2 Libacao Himamaylan City Negros Occidental\nSPS building, San nicolas, Pasig city, Philippines')
[2025-01-26 12:02:01] INSERT INTO referredto (patientID, referredToLoc, date, time) VALUES ('36', 'sdasdas', '2025-01-14', 'gfhjgf')
[2025-01-26 12:02:01] INSERT INTO referredfrom (patientID, date, time) VALUES ('36', '2025-01-14', 'gfhjgf')
[2025-01-26 12:02:01] INSERT INTO vitalsign (patientID, BP, HR, TEMPT, WEIGHT) VALUES ('36', '111', '222', '3434', '345')
[2025-01-26 12:02:01] INSERT INTO ob_history (patientID, G, P, MP, EDC, ACH, FH, FHR, Pelvic_exam) VALUES ('36', '65', '676', '76', '6', '6', '556', '67', '6')
[2025-01-26 12:02:01] INSERT INTO appointment (patientID, scheduleID, servicesID, applicationDate, Status) VALUES ('36', '1', '3', '2025-01-26', 'completed')
[2025-01-26 12:02:14] select r.requestID, concat(p.first_name," ",p.surname) "fullname", r.serviceType, r.scheduleDate, r.status FROM request r, patient p, services s where r.patientID = p.patientID and  r.serviceID = s.servicesID and r.status = "Pending";
[2025-01-26 12:04:09] <<=== YROS:: db tracker started ===>>
[2025-01-26 12:04:09] INSERT INTO patient (first_name, surname, bday, age, contact, civil_status, occupation, religion, sex, home_address) VALUES ('tyrone', 'surname', '', '21', '0921938173', 's', 's', 's', '0', 'Purok 2 Libacao Himamaylan City Negros Occidental')
[2025-01-26 12:04:09] INSERT INTO immunization_application (patientID, scheduleID, applicationDate, Status, servicesID) VALUES ('37', '1', '2025-01-26', 'pending', '1')
[2025-01-26 12:04:09] INSERT INTO prenatalschedule (patientID, Date, applicationDate, Status, servicesID) VALUES ('37', '2025-01-26', '2025-01-26', 'pending', '1')
[2025-01-26 12:04:09] <<=== YROS:: db_tracker_success : sql queries submitted ===>>
[2025-01-26 12:04:09] INSERT INTO family_planning (patientID, Date, Facility, ServicesProvided, applicationDate, Status, servicesID) VALUES ('37', '2025-01-26', '', '', '2025-01-26', 'pending', '1')
[2025-01-26 12:04:09] SQLSTATE[23000]: Integrity constraint violation: 1048 Column 'Facility' cannot be null 2 C:\xampp\htdocs\hc\_php\controller\Form.php(65): db_insert('family_planning', Array)

6 {main}
[2025-01-26 12:04:09] INSERT INTO appointment (patientID, scheduleID, servicesID, applicationDate, Status) VALUES ('37', '1', '1', '2025-01-26', 'completed')
[2025-01-26 12:04:19] select r.requestID, concat(p.first_name," ",p.surname) "fullname", r.serviceType, r.scheduleDate, r.status FROM request r, patient p, services s where r.patientID = p.patientID and  r.serviceID = s.servicesID and r.status = "Pending";
[2025-01-26 12:07:19] <<=== YROS:: db tracker started ===>>
[2025-01-26 12:07:19] INSERT INTO patient (first_name, surname, bday, age, contact, civil_status, occupation, religion, sex, home_address) VALUES ('', '', '', '', '', '', '', '', '', '')
[2025-01-26 12:07:19] INSERT INTO immunization_application (patientID, scheduleID, applicationDate, Status, servicesID) VALUES ('38', '1', '2025-01-26', 'pending', '4')
[2025-01-26 12:07:19] INSERT INTO prenatalschedule (patientID, Date, applicationDate, Status, servicesID) VALUES ('38', '2025-01-26', '2025-01-26', 'pending', '4')
[2025-01-26 12:07:19] <<=== YROS:: db_tracker_success : sql queries submitted ===>>
[2025-01-26 12:07:19] INSERT INTO family_planning (patientID, Date, Facility, ServicesProvided, applicationDate, Status, servicesID) VALUES ('38', '2025-01-26', '', '', '2025-01-26', 'pending', '4')
[2025-01-26 12:07:19] SQLSTATE[23000]: Integrity constraint violation: 1048 Column 'Facility' cannot be null 2 C:\xampp\htdocs\hc\_php\controller\Form.php(65): db_insert('family_planning', Array)

6 {main}
[2025-01-26 12:07:19] INSERT INTO appointment (patientID, scheduleID, servicesID, applicationDate, Status) VALUES ('38', '1', '4', '2025-01-26', 'completed')
[2025-01-26 12:07:24] select r.requestID, concat(p.first_name," ",p.surname) "fullname", r.serviceType, r.scheduleDate, r.status FROM request r, patient p, services s where r.patientID = p.patientID and  r.serviceID = s.servicesID and r.status = "Pending";
[2025-01-26 12:08:52] select r.requestID, concat(p.first_name," ",p.surname) "fullname", r.serviceType, r.scheduleDate, r.status FROM request r, patient p, services s where r.patientID = p.patientID and  r.serviceID = s.servicesID and r.status = "Pending";
[2025-01-26 12:09:40] <<=== YROS:: db tracker started ===>>
[2025-01-26 12:09:40] INSERT INTO patient (first_name, surname, bday, age, contact, civil_status, occupation, religion, sex, home_address) VALUES ('tyrone', 'surname', '2025-01-30', '21', '09348266352', 's', 's', 's', '0', 'Purok 2 Libacao Himamaylan City Negros Occidental')
[2025-01-26 12:09:40] INSERT INTO immunization_application (patientID, scheduleID, applicationDate, Status, servicesID) VALUES ('39', '1', '2025-01-26', 'pending', '4')
[2025-01-26 12:09:40] INSERT INTO prenatalschedule (patientID, Date, applicationDate, Status, servicesID) VALUES ('39', '2025-01-26', '2025-01-26', 'pending', '4')
[2025-01-26 12:09:40] <<=== YROS:: db_tracker_success : sql queries submitted ===>>
[2025-01-26 12:09:40] INSERT INTO family_planning (patientID, Date, Facility, ServicesProvided, applicationDate, Status, servicesID) VALUES ('39', '2025-01-29', 'Libacao health center', 'Method used / FP', '2025-01-26', 'pending', '4')
[2025-01-26 12:09:40] INSERT INTO appointment (patientID, scheduleID, servicesID, applicationDate, Status) VALUES ('39', '1', '4', '2025-01-26', 'completed')
[2025-01-26 12:09:42] select r.requestID, concat(p.first_name," ",p.surname) "fullname", r.serviceType, r.scheduleDate, r.status FROM request r, patient p, services s where r.patientID = p.patientID and  r.serviceID = s.servicesID and r.status = "Pending";
[2025-01-26 12:21:32] select r.requestID, concat(p.first_name," ",p.surname) "fullname", r.serviceType, r.scheduleDate, r.status FROM request r, patient p, services s where r.patientID = p.patientID and  r.serviceID = s.servicesID and r.status = "Pending";
[2025-01-26 12:35:27] select r.requestID, concat(p.first_name," ",p.surname) "fullname", r.serviceType, r.scheduleDate, r.status FROM request r, patient p, services s where r.patientID = p.patientID and  r.serviceID = s.servicesID and r.status = "Pending";
[2025-01-26 12:35:27] select count(*) as 'count' from patient
[2025-01-26 12:35:28] select count(*) as 'count' from hc_medicineinventory
[2025-01-26 12:35:28] select count(*) as 'count' from appointment
[2025-01-26 12:35:28] select count(*) as 'count' from request where status = 'pending'
[2025-01-26 12:35:31] SELECT * FROM hc_medicineinventory 
[2025-01-26 12:35:31] select r.requestID, concat(p.first_name," ",p.surname) "fullname", r.serviceType, r.scheduleDate, r.status FROM request r, patient p, services s where r.patientID = p.patientID and  r.serviceID = s.servicesID and r.status = "Pending";
[2025-01-26 12:35:35] select r.requestID, concat(p.first_name," ",p.surname) "fullname", r.serviceType, r.scheduleDate, r.status FROM request r, patient p, services s where r.patientID = p.patientID and  r.serviceID = s.servicesID and r.status = "Pending";
[2025-01-26 12:35:35] select a.appointmentID, concat(p.first_name," ",p.surname) "fullname", i.Date, s.ServicesType, a.ApplicationDate, a.Status from appointment a, patient p, immunization_schedule i, services s where a.patientID = p.patientID and a.scheduleID = i.scheduleID AND a.servicesID = s.servicesID;
[2025-01-26 12:35:38] select r.requestID, concat(p.first_name," ",p.surname) "fullname", r.serviceType, r.scheduleDate, r.status FROM request r, patient p, services s where r.patientID = p.patientID and  r.serviceID = s.servicesID and r.status = "Pending";
[2025-01-26 12:35:39] select a.appointmentID, concat(p.first_name," ",p.surname) "fullname", i.Date, s.ServicesType, a.ApplicationDate, a.Status from appointment a, patient p, immunization_schedule i, services s where a.patientID = p.patientID and a.scheduleID = i.scheduleID AND a.servicesID = s.servicesID;
[2025-01-26 12:55:06] select r.requestID, concat(p.first_name," ",p.surname) "fullname", r.serviceType, r.scheduleDate, r.status FROM request r, patient p, services s where r.patientID = p.patientID and  r.serviceID = s.servicesID and r.status = "Pending";
[2025-01-26 12:55:06] select a.appointmentID, concat(p.first_name," ",p.surname) "fullname", i.Date, s.ServicesType, a.ApplicationDate, a.Status from appointment a, patient p, immunization_schedule i, services s where a.patientID = p.patientID and a.scheduleID = i.scheduleID AND a.servicesID = s.servicesID;
[2025-01-26 12:55:06] select a.appointmentID, concat(p.first_name," ",p.surname) "fullname", i.Date, s.ServicesType, a.ApplicationDate, a.Status from appointment a, patient p, immunization_schedule i, services s where a.patientID = p.patientID and a.scheduleID = i.scheduleID AND a.servicesID = s.servicesID;
[2025-01-26 12:55:13] select r.requestID, concat(p.first_name," ",p.surname) "fullname", r.serviceType, r.scheduleDate, r.status FROM request r, patient p, services s where r.patientID = p.patientID and  r.serviceID = s.servicesID and r.status = "Pending";
[2025-01-26 12:55:13] select a.appointmentID, concat(p.first_name," ",p.surname) "fullname", i.Date, s.ServicesType, a.ApplicationDate, a.Status from appointment a, patient p, immunization_schedule i, services s where a.patientID = p.patientID and a.scheduleID = i.scheduleID AND a.servicesID = s.servicesID;
[2025-01-26 12:55:13] select a.appointmentID, concat(p.first_name," ",p.surname) "fullname", i.Date, s.ServicesType, a.ApplicationDate, a.Status from appointment a, patient p, immunization_schedule i, services s where a.patientID = p.patientID and a.scheduleID = i.scheduleID AND a.servicesID = s.servicesID;
[2025-01-26 12:55:18] select r.requestID, concat(p.first_name," ",p.surname) "fullname", r.serviceType, r.scheduleDate, r.status FROM request r, patient p, services s where r.patientID = p.patientID and  r.serviceID = s.servicesID and r.status = "Pending";
[2025-01-26 12:55:18] select a.appointmentID, concat(p.first_name," ",p.surname) "fullname", i.Date, s.ServicesType, a.ApplicationDate, a.Status from appointment a, patient p, immunization_schedule i, services s where a.patientID = p.patientID and a.scheduleID = i.scheduleID AND a.servicesID = s.servicesID;
[2025-01-26 12:55:18] select a.appointmentID, concat(p.first_name," ",p.surname) "fullname", i.Date, s.ServicesType, a.ApplicationDate, a.Status from appointment a, patient p, immunization_schedule i, services s where a.patientID = p.patientID and a.scheduleID = i.scheduleID AND a.servicesID = s.servicesID;
[2025-01-26 13:18:46] select r.requestID, concat(p.first_name," ",p.surname) "fullname", r.serviceType, r.scheduleDate, r.status FROM request r, patient p, services s where r.patientID = p.patientID and  r.serviceID = s.servicesID and r.status = "Pending";
[2025-01-26 13:18:47] select a.appointmentID, concat(p.first_name," ",p.surname) "fullname", i.Date, s.ServicesType, a.ApplicationDate, a.Status from appointment a, patient p, immunization_schedule i, services s where a.patientID = p.patientID and a.scheduleID = i.scheduleID AND a.servicesID = s.servicesID;
[2025-01-26 13:18:47] select a.appointmentID, concat(p.first_name," ",p.surname) "fullname", i.Date, s.ServicesType, a.ApplicationDate, a.Status from appointment a, patient p, immunization_schedule i, services s where a.patientID = p.patientID and a.scheduleID = i.scheduleID AND a.servicesID = s.servicesID;
[2025-01-26 13:20:34] select r.patientID, r.servicesID, r.requestID, concat(p.first_name," ",p.surname) "fullname", r.serviceType, r.scheduleDate, r.status FROM request r, patient p, services s where r.patientID = p.patientID and  r.serviceID = s.servicesID and r.status = "Pending";
[2025-01-26 13:20:34] SQLSTATE[42S22]: Column not found: 1054 Unknown column 'r.servicesID' in 'field list' 2 C:\xampp\htdocs\hc\_php\controller\Crud.php(70): db_set_query('select r.patien...')

6 {main}
[2025-01-26 13:20:34] select a.appointmentID, concat(p.first_name," ",p.surname) "fullname", i.Date, s.ServicesType, a.ApplicationDate, a.Status from appointment a, patient p, immunization_schedule i, services s where a.patientID = p.patientID and a.scheduleID = i.scheduleID AND a.servicesID = s.servicesID;
[2025-01-26 13:20:34] select a.appointmentID, concat(p.first_name," ",p.surname) "fullname", i.Date, s.ServicesType, a.ApplicationDate, a.Status from appointment a, patient p, immunization_schedule i, services s where a.patientID = p.patientID and a.scheduleID = i.scheduleID AND a.servicesID = s.servicesID;
[2025-01-26 13:20:51] select r.patientID, r.servicesID, r.requestID, concat(p.first_name," ",p.surname) "fullname", r.serviceType, r.scheduleDate, r.status FROM request r, patient p, services s where r.patientID = p.patientID and  r.serviceID = s.servicesID and r.status = "Pending";
[2025-01-26 13:20:51] SQLSTATE[42S22]: Column not found: 1054 Unknown column 'r.servicesID' in 'field list' 2 C:\xampp\htdocs\hc\_php\controller\Crud.php(70): db_set_query('select r.patien...')

6 {main}
[2025-01-26 13:20:51] select a.appointmentID, concat(p.first_name," ",p.surname) "fullname", i.Date, s.ServicesType, a.ApplicationDate, a.Status from appointment a, patient p, immunization_schedule i, services s where a.patientID = p.patientID and a.scheduleID = i.scheduleID AND a.servicesID = s.servicesID;
[2025-01-26 13:20:51] select a.appointmentID, concat(p.first_name," ",p.surname) "fullname", i.Date, s.ServicesType, a.ApplicationDate, a.Status from appointment a, patient p, immunization_schedule i, services s where a.patientID = p.patientID and a.scheduleID = i.scheduleID AND a.servicesID = s.servicesID;
[2025-01-26 13:21:31] select r.patientID, r.serviceID, r.requestID, concat(p.first_name," ",p.surname) "fullname", r.serviceType, r.scheduleDate, r.status FROM request r, patient p, services s where r.patientID = p.patientID and  r.serviceID = s.servicesID and r.status = "Pending";
[2025-01-26 13:21:31] select a.appointmentID, concat(p.first_name," ",p.surname) "fullname", i.Date, s.ServicesType, a.ApplicationDate, a.Status from appointment a, patient p, immunization_schedule i, services s where a.patientID = p.patientID and a.scheduleID = i.scheduleID AND a.servicesID = s.servicesID;
[2025-01-26 13:21:31] select a.appointmentID, concat(p.first_name," ",p.surname) "fullname", i.Date, s.ServicesType, a.ApplicationDate, a.Status from appointment a, patient p, immunization_schedule i, services s where a.patientID = p.patientID and a.scheduleID = i.scheduleID AND a.servicesID = s.servicesID;
[2025-01-26 13:23:15] select r.patientID, r.serviceID, r.requestID, concat(p.first_name," ",p.surname) "fullname", r.serviceType, r.scheduleDate, r.status FROM request r, patient p, services s where r.patientID = p.patientID and  r.serviceID = s.servicesID and r.status = "Pending";
[2025-01-26 13:23:15] select a.appointmentID, concat(p.first_name," ",p.surname) "fullname", i.Date, s.ServicesType, a.ApplicationDate, a.Status from appointment a, patient p, immunization_schedule i, services s where a.patientID = p.patientID and a.scheduleID = i.scheduleID AND a.servicesID = s.servicesID;
[2025-01-26 13:23:15] select a.appointmentID, concat(p.first_name," ",p.surname) "fullname", i.Date, s.ServicesType, a.ApplicationDate, a.Status from appointment a, patient p, immunization_schedule i, services s where a.patientID = p.patientID and a.scheduleID = i.scheduleID AND a.servicesID = s.servicesID;
[2025-01-26 13:23:29] select r.patientID, r.serviceID, r.requestID, concat(p.first_name," ",p.surname) "fullname", r.serviceType, r.scheduleDate, r.status FROM request r, patient p, services s where r.patientID = p.patientID and  r.serviceID = s.servicesID and r.status = "Pending";
[2025-01-26 13:23:29] select a.appointmentID, concat(p.first_name," ",p.surname) "fullname", i.Date, s.ServicesType, a.ApplicationDate, a.Status from appointment a, patient p, immunization_schedule i, services s where a.patientID = p.patientID and a.scheduleID = i.scheduleID AND a.servicesID = s.servicesID;
[2025-01-26 13:23:29] select a.appointmentID, concat(p.first_name," ",p.surname) "fullname", i.Date, s.ServicesType, a.ApplicationDate, a.Status from appointment a, patient p, immunization_schedule i, services s where a.patientID = p.patientID and a.scheduleID = i.scheduleID AND a.servicesID = s.servicesID;
[2025-01-26 13:24:59] select r.patientID, r.serviceID, r.requestID, concat(p.first_name," ",p.surname) "fullname", r.serviceType, r.scheduleDate, r.status FROM request r, patient p, services s where r.patientID = p.patientID and  r.serviceID = s.servicesID and r.status = "Pending";
[2025-01-26 13:24:59] select a.appointmentID, concat(p.first_name," ",p.surname) "fullname", i.Date, s.ServicesType, a.ApplicationDate, a.Status from appointment a, patient p, immunization_schedule i, services s where a.patientID = p.patientID and a.scheduleID = i.scheduleID AND a.servicesID = s.servicesID;
[2025-01-26 13:24:59] select a.appointmentID, concat(p.first_name," ",p.surname) "fullname", i.Date, s.ServicesType, a.ApplicationDate, a.Status from appointment a, patient p, immunization_schedule i, services s where a.patientID = p.patientID and a.scheduleID = i.scheduleID AND a.servicesID = s.servicesID;
[2025-01-26 13:25:04] INSERT INTO appointment (patientID, servicesID, scheduleID, ApplicationDate, Status) VALUES ('1', '1', '1', '2025-01-26', 'pending')
[2025-01-26 13:26:21] select r.patientID, r.serviceID, r.requestID, concat(p.first_name," ",p.surname) "fullname", r.serviceType, r.scheduleDate, r.status FROM request r, patient p, services s where r.patientID = p.patientID and  r.serviceID = s.servicesID and r.status = "Pending";
[2025-01-26 13:26:21] select a.appointmentID, concat(p.first_name," ",p.surname) "fullname", i.Date, s.ServicesType, a.ApplicationDate, a.Status from appointment a, patient p, immunization_schedule i, services s where a.patientID = p.patientID and a.scheduleID = i.scheduleID AND a.servicesID = s.servicesID;
[2025-01-26 13:26:21] select a.appointmentID, concat(p.first_name," ",p.surname) "fullname", i.Date, s.ServicesType, a.ApplicationDate, a.Status from appointment a, patient p, immunization_schedule i, services s where a.patientID = p.patientID and a.scheduleID = i.scheduleID AND a.servicesID = s.servicesID;
[2025-01-26 13:26:25] INSERT INTO appointment (patientID, servicesID, scheduleID, ApplicationDate, Status) VALUES ('1', '1', '1', '2025-01-26', 'pending')
[2025-01-26 13:28:23] select r.patientID, r.serviceID, r.requestID, concat(p.first_name," ",p.surname) "fullname", r.serviceType, r.scheduleDate, r.status FROM request r, patient p, services s where r.patientID = p.patientID and  r.serviceID = s.servicesID and r.status = "Pending";
[2025-01-26 13:28:23] select a.appointmentID, concat(p.first_name," ",p.surname) "fullname", i.Date, s.ServicesType, a.ApplicationDate, a.Status from appointment a, patient p, immunization_schedule i, services s where a.patientID = p.patientID and a.scheduleID = i.scheduleID AND a.servicesID = s.servicesID;
[2025-01-26 13:28:23] select a.appointmentID, concat(p.first_name," ",p.surname) "fullname", i.Date, s.ServicesType, a.ApplicationDate, a.Status from appointment a, patient p, immunization_schedule i, services s where a.patientID = p.patientID and a.scheduleID = i.scheduleID AND a.servicesID = s.servicesID;
[2025-01-26 13:35:16] select r.patientID, r.serviceID, r.requestID, concat(p.first_name," ",p.surname) "fullname", r.serviceType, r.scheduleDate, r.status FROM request r, patient p, services s where r.patientID = p.patientID and  r.serviceID = s.servicesID and r.status = "Pending";
[2025-01-26 13:35:16] select a.appointmentID, concat(p.first_name," ",p.surname) "fullname", i.Date, s.ServicesType, a.ApplicationDate, a.Status from appointment a, patient p, immunization_schedule i, services s where a.patientID = p.patientID and a.scheduleID = i.scheduleID AND a.servicesID = s.servicesID;
[2025-01-26 13:35:16] select a.appointmentID, concat(p.first_name," ",p.surname) "fullname", i.Date, s.ServicesType, a.ApplicationDate, a.Status from appointment a, patient p, immunization_schedule i, services s where a.patientID = p.patientID and a.scheduleID = i.scheduleID AND a.servicesID = s.servicesID;
[2025-01-26 13:38:06] select r.patientID, r.serviceID, r.requestID, concat(p.first_name," ",p.surname) "fullname", r.serviceType, r.scheduleDate, r.status FROM request r, patient p, services s where r.patientID = p.patientID and  r.serviceID = s.servicesID and r.status = "Pending";
[2025-01-26 13:38:06] select a.appointmentID, concat(p.first_name," ",p.surname) "fullname", i.Date, s.ServicesType, a.ApplicationDate, a.Status from appointment a, patient p, immunization_schedule i, services s where a.patientID = p.patientID and a.scheduleID = i.scheduleID AND a.servicesID = s.servicesID;
[2025-01-26 13:38:06] select a.appointmentID, concat(p.first_name," ",p.surname) "fullname", i.Date, s.ServicesType, a.ApplicationDate, a.Status from appointment a, patient p, immunization_schedule i, services s where a.patientID = p.patientID and a.scheduleID = i.scheduleID AND a.servicesID = s.servicesID;
[2025-01-26 13:38:35] select r.patientID, r.serviceID, r.requestID, concat(p.first_name," ",p.surname) "fullname", r.serviceType, r.scheduleDate, r.status FROM request r, patient p, services s where r.patientID = p.patientID and  r.serviceID = s.servicesID and r.status = "Pending";
[2025-01-26 13:38:35] select a.appointmentID, concat(p.first_name," ",p.surname) "fullname", i.Date, s.ServicesType, a.ApplicationDate, a.Status from appointment a, patient p, immunization_schedule i, services s where a.patientID = p.patientID and a.scheduleID = i.scheduleID AND a.servicesID = s.servicesID;
[2025-01-26 13:38:35] select a.appointmentID, concat(p.first_name," ",p.surname) "fullname", i.Date, s.ServicesType, a.ApplicationDate, a.Status from appointment a, patient p, immunization_schedule i, services s where a.patientID = p.patientID and a.scheduleID = i.scheduleID AND a.servicesID = s.servicesID;
[2025-01-26 13:39:41] select r.patientID, r.serviceID, r.requestID, concat(p.first_name," ",p.surname) "fullname", r.serviceType, r.scheduleDate, r.status FROM request r, patient p, services s where r.patientID = p.patientID and  r.serviceID = s.servicesID and r.status = "Pending";
[2025-01-26 13:39:42] select a.appointmentID, concat(p.first_name," ",p.surname) "fullname", i.Date, s.ServicesType, a.ApplicationDate, a.Status from appointment a, patient p, immunization_schedule i, services s where a.patientID = p.patientID and a.scheduleID = i.scheduleID AND a.servicesID = s.servicesID;
[2025-01-26 13:39:42] select a.appointmentID, concat(p.first_name," ",p.surname) "fullname", i.Date, s.ServicesType, a.ApplicationDate, a.Status from appointment a, patient p, immunization_schedule i, services s where a.patientID = p.patientID and a.scheduleID = i.scheduleID AND a.servicesID = s.servicesID;
[2025-01-26 13:40:03] select r.patientID, r.serviceID, r.requestID, concat(p.first_name," ",p.surname) "fullname", r.serviceType, r.scheduleDate, r.status FROM request r, patient p, services s where r.patientID = p.patientID and  r.serviceID = s.servicesID and r.status = "Pending";
[2025-01-26 13:40:03] select a.appointmentID, concat(p.first_name," ",p.surname) "fullname", i.Date, s.ServicesType, a.ApplicationDate, a.Status from appointment a, patient p, immunization_schedule i, services s where a.patientID = p.patientID and a.scheduleID = i.scheduleID AND a.servicesID = s.servicesID;
[2025-01-26 13:40:03] select a.appointmentID, concat(p.first_name," ",p.surname) "fullname", i.Date, s.ServicesType, a.ApplicationDate, a.Status from appointment a, patient p, immunization_schedule i, services s where a.patientID = p.patientID and a.scheduleID = i.scheduleID AND a.servicesID = s.servicesID;
[2025-01-26 13:42:25] select r.patientID, r.serviceID, r.requestID, concat(p.first_name," ",p.surname) "fullname", r.serviceType, r.scheduleDate, r.status FROM request r, patient p, services s where r.patientID = p.patientID and  r.serviceID = s.servicesID and r.status = "Pending";
[2025-01-26 13:42:26] select a.appointmentID, concat(p.first_name," ",p.surname) "fullname", i.Date, s.ServicesType, a.ApplicationDate, a.Status from appointment a, patient p, immunization_schedule i, services s where a.patientID = p.patientID and a.scheduleID = i.scheduleID AND a.servicesID = s.servicesID;
[2025-01-26 13:42:26] select a.appointmentID, concat(p.first_name," ",p.surname) "fullname", i.Date, s.ServicesType, a.ApplicationDate, a.Status from appointment a, patient p, immunization_schedule i, services s where a.patientID = p.patientID and a.scheduleID = i.scheduleID AND a.servicesID = s.servicesID;
[2025-01-26 13:42:32] INSERT INTO appointment (patientID, servicesID, scheduleID, ApplicationDate, Status) VALUES ('1', '1', '1', '2025-01-26', 'pending')
[2025-01-26 13:43:51] INSERT INTO appointment (patientID, servicesID, scheduleID, ApplicationDate, Status) VALUES ('1', '1', '1', '2025-01-26', 'pending')
[2025-01-26 13:43:56] select r.patientID, r.serviceID, r.requestID, concat(p.first_name," ",p.surname) "fullname", r.serviceType, r.scheduleDate, r.status FROM request r, patient p, services s where r.patientID = p.patientID and  r.serviceID = s.servicesID and r.status = "Pending";
[2025-01-26 13:43:57] select a.appointmentID, concat(p.first_name," ",p.surname) "fullname", i.Date, s.ServicesType, a.ApplicationDate, a.Status from appointment a, patient p, immunization_schedule i, services s where a.patientID = p.patientID and a.scheduleID = i.scheduleID AND a.servicesID = s.servicesID;
[2025-01-26 13:43:57] select a.appointmentID, concat(p.first_name," ",p.surname) "fullname", i.Date, s.ServicesType, a.ApplicationDate, a.Status from appointment a, patient p, immunization_schedule i, services s where a.patientID = p.patientID and a.scheduleID = i.scheduleID AND a.servicesID = s.servicesID;
[2025-01-26 13:48:19] select r.patientID, r.serviceID, r.requestID, concat(p.first_name," ",p.surname) "fullname", r.serviceType, r.scheduleDate, r.status FROM request r, patient p, services s where r.patientID = p.patientID and  r.serviceID = s.servicesID and r.status = "Pending";
[2025-01-26 13:48:20] select a.appointmentID, concat(p.first_name," ",p.surname) "fullname", i.Date, s.ServicesType, a.ApplicationDate, a.Status from appointment a, patient p, immunization_schedule i, services s where a.patientID = p.patientID and a.scheduleID = i.scheduleID AND a.servicesID = s.servicesID;
[2025-01-26 13:48:20] select a.appointmentID, concat(p.first_name," ",p.surname) "fullname", i.Date, s.ServicesType, a.ApplicationDate, a.Status from appointment a, patient p, immunization_schedule i, services s where a.patientID = p.patientID and a.scheduleID = i.scheduleID AND a.servicesID = s.servicesID;
[2025-01-26 13:48:32] INSERT INTO appointment (patientID, servicesID, scheduleID, ApplicationDate, Status) VALUES ('1', '2', '1', '2025-01-26', 'pending')
[2025-01-26 13:48:39] select r.patientID, r.serviceID, r.requestID, concat(p.first_name," ",p.surname) "fullname", r.serviceType, r.scheduleDate, r.status FROM request r, patient p, services s where r.patientID = p.patientID and  r.serviceID = s.servicesID and r.status = "Pending";
[2025-01-26 13:48:39] select a.appointmentID, concat(p.first_name," ",p.surname) "fullname", i.Date, s.ServicesType, a.ApplicationDate, a.Status from appointment a, patient p, immunization_schedule i, services s where a.patientID = p.patientID and a.scheduleID = i.scheduleID AND a.servicesID = s.servicesID;
[2025-01-26 13:48:39] select a.appointmentID, concat(p.first_name," ",p.surname) "fullname", i.Date, s.ServicesType, a.ApplicationDate, a.Status from appointment a, patient p, immunization_schedule i, services s where a.patientID = p.patientID and a.scheduleID = i.scheduleID AND a.servicesID = s.servicesID;
[2025-01-26 13:48:56] INSERT INTO appointment (patientID, servicesID, scheduleID, ApplicationDate, Status) VALUES ('2', '2', '1', '2025-01-26', 'pending')
[2025-01-26 13:48:58] INSERT INTO appointment (patientID, servicesID, scheduleID, ApplicationDate, Status) VALUES ('2', '2', '1', '2025-01-26', 'pending')
[2025-01-26 13:48:59] INSERT INTO appointment (patientID, servicesID, scheduleID, ApplicationDate, Status) VALUES ('2', '2', '1', '2025-01-26', 'pending')
[2025-01-26 13:49:06] select r.patientID, r.serviceID, r.requestID, concat(p.first_name," ",p.surname) "fullname", r.serviceType, r.scheduleDate, r.status FROM request r, patient p, services s where r.patientID = p.patientID and  r.serviceID = s.servicesID and r.status = "Pending";
[2025-01-26 13:49:06] select a.appointmentID, concat(p.first_name," ",p.surname) "fullname", i.Date, s.ServicesType, a.ApplicationDate, a.Status from appointment a, patient p, immunization_schedule i, services s where a.patientID = p.patientID and a.scheduleID = i.scheduleID AND a.servicesID = s.servicesID;
[2025-01-26 13:49:06] select a.appointmentID, concat(p.first_name," ",p.surname) "fullname", i.Date, s.ServicesType, a.ApplicationDate, a.Status from appointment a, patient p, immunization_schedule i, services s where a.patientID = p.patientID and a.scheduleID = i.scheduleID AND a.servicesID = s.servicesID;
[2025-01-26 13:49:56] INSERT INTO appointment (patientID, servicesID, scheduleID, ApplicationDate, Status) VALUES ('1', '1', '1', '2025-01-26', 'pending')
[2025-01-26 13:49:58] INSERT INTO appointment (patientID, servicesID, scheduleID, ApplicationDate, Status) VALUES ('1', '1', '1', '2025-01-26', 'pending')
[2025-01-26 13:49:59] select r.patientID, r.serviceID, r.requestID, concat(p.first_name," ",p.surname) "fullname", r.serviceType, r.scheduleDate, r.status FROM request r, patient p, services s where r.patientID = p.patientID and  r.serviceID = s.servicesID and r.status = "Pending";
[2025-01-26 13:50:00] select a.appointmentID, concat(p.first_name," ",p.surname) "fullname", i.Date, s.ServicesType, a.ApplicationDate, a.Status from appointment a, patient p, immunization_schedule i, services s where a.patientID = p.patientID and a.scheduleID = i.scheduleID AND a.servicesID = s.servicesID;
[2025-01-26 13:50:00] select a.appointmentID, concat(p.first_name," ",p.surname) "fullname", i.Date, s.ServicesType, a.ApplicationDate, a.Status from appointment a, patient p, immunization_schedule i, services s where a.patientID = p.patientID and a.scheduleID = i.scheduleID AND a.servicesID = s.servicesID;
[2025-01-26 13:55:59] INSERT INTO appointment (patientID, servicesID, scheduleID, ApplicationDate, Status) VALUES ('1', '1', '1', '2025-01-26', 'pending')
[2025-01-26 13:55:59] INSERT INTO appointment (patientID, servicesID, scheduleID, ApplicationDate, Status) VALUES ('1', '1', '1', '2025-01-26', 'pending')
[2025-01-26 13:56:08] INSERT INTO appointment (patientID, servicesID, scheduleID, ApplicationDate, Status) VALUES ('1', '1', '1', '2025-01-26', 'pending')
[2025-01-26 13:56:13] INSERT INTO appointment (patientID, servicesID, scheduleID, ApplicationDate, Status) VALUES ('1', '1', '1', '2025-01-26', 'pending')
[2025-01-26 13:56:14] INSERT INTO appointment (patientID, servicesID, scheduleID, ApplicationDate, Status) VALUES ('1', '1', '1', '2025-01-26', 'pending')
[2025-01-26 13:56:15] INSERT INTO appointment (patientID, servicesID, scheduleID, ApplicationDate, Status) VALUES ('1', '1', '1', '2025-01-26', 'pending')
[2025-01-26 13:58:04] select r.patientID, r.serviceID, r.requestID, concat(p.first_name," ",p.surname) "fullname", r.serviceType, r.scheduleDate, r.status FROM request r, patient p, services s where r.patientID = p.patientID and  r.serviceID = s.servicesID and r.status = "Pending";
[2025-01-26 13:58:05] select a.appointmentID, concat(p.first_name," ",p.surname) "fullname", i.Date, s.ServicesType, a.ApplicationDate, a.Status from appointment a, patient p, immunization_schedule i, services s where a.patientID = p.patientID and a.scheduleID = i.scheduleID AND a.servicesID = s.servicesID;
[2025-01-26 13:58:05] select a.appointmentID, concat(p.first_name," ",p.surname) "fullname", i.Date, s.ServicesType, a.ApplicationDate, a.Status from appointment a, patient p, immunization_schedule i, services s where a.patientID = p.patientID and a.scheduleID = i.scheduleID AND a.servicesID = s.servicesID;
[2025-01-26 13:58:08] INSERT INTO appointment (error, scheduleID, ApplicationDate, Status) VALUES ('Invalid JSON format', '1', '2025-01-26', 'pending')
[2025-01-26 13:58:08] SQLSTATE[42S22]: Column not found: 1054 Unknown column 'error' in 'field list' 2 C:\xampp\htdocs\hc\_php\controller\Crud.php(82): db_insert('appointment', Array)

6 {main}
[2025-01-26 13:58:14] INSERT INTO appointment (error, scheduleID, ApplicationDate, Status) VALUES ('Invalid JSON format', '1', '2025-01-26', 'pending')
[2025-01-26 13:58:14] SQLSTATE[42S22]: Column not found: 1054 Unknown column 'error' in 'field list' 2 C:\xampp\htdocs\hc\_php\controller\Crud.php(82): db_insert('appointment', Array)

6 {main}
[2025-01-26 13:58:39] select r.patientID, r.serviceID, r.requestID, concat(p.first_name," ",p.surname) "fullname", r.serviceType, r.scheduleDate, r.status FROM request r, patient p, services s where r.patientID = p.patientID and  r.serviceID = s.servicesID and r.status = "Pending";
[2025-01-26 13:58:39] select a.appointmentID, concat(p.first_name," ",p.surname) "fullname", i.Date, s.ServicesType, a.ApplicationDate, a.Status from appointment a, patient p, immunization_schedule i, services s where a.patientID = p.patientID and a.scheduleID = i.scheduleID AND a.servicesID = s.servicesID;
[2025-01-26 13:58:39] select a.appointmentID, concat(p.first_name," ",p.surname) "fullname", i.Date, s.ServicesType, a.ApplicationDate, a.Status from appointment a, patient p, immunization_schedule i, services s where a.patientID = p.patientID and a.scheduleID = i.scheduleID AND a.servicesID = s.servicesID;
[2025-01-26 13:59:13] select r.patientID, r.serviceID, r.requestID, concat(p.first_name," ",p.surname) "fullname", r.serviceType, r.scheduleDate, r.status FROM request r, patient p, services s where r.patientID = p.patientID and  r.serviceID = s.servicesID and r.status = "Pending";
[2025-01-26 13:59:13] select a.appointmentID, concat(p.first_name," ",p.surname) "fullname", i.Date, s.ServicesType, a.ApplicationDate, a.Status from appointment a, patient p, immunization_schedule i, services s where a.patientID = p.patientID and a.scheduleID = i.scheduleID AND a.servicesID = s.servicesID;
[2025-01-26 13:59:13] select a.appointmentID, concat(p.first_name," ",p.surname) "fullname", i.Date, s.ServicesType, a.ApplicationDate, a.Status from appointment a, patient p, immunization_schedule i, services s where a.patientID = p.patientID and a.scheduleID = i.scheduleID AND a.servicesID = s.servicesID;
[2025-01-26 14:05:16] select r.patientID, r.serviceID, r.requestID, concat(p.first_name," ",p.surname) "fullname", r.serviceType, r.scheduleDate, r.status FROM request r, patient p, services s where r.patientID = p.patientID and  r.serviceID = s.servicesID and r.status = "Pending";
[2025-01-26 14:05:16] select a.appointmentID, concat(p.first_name," ",p.surname) "fullname", i.Date, s.ServicesType, a.ApplicationDate, a.Status from appointment a, patient p, immunization_schedule i, services s where a.patientID = p.patientID and a.scheduleID = i.scheduleID AND a.servicesID = s.servicesID;
[2025-01-26 14:05:16] select a.appointmentID, concat(p.first_name," ",p.surname) "fullname", i.Date, s.ServicesType, a.ApplicationDate, a.Status from appointment a, patient p, immunization_schedule i, services s where a.patientID = p.patientID and a.scheduleID = i.scheduleID AND a.servicesID = s.servicesID;
[2025-01-26 14:06:15] select r.patientID, r.serviceID, r.requestID, concat(p.first_name," ",p.surname) "fullname", r.serviceType, r.scheduleDate, r.status FROM request r, patient p, services s where r.patientID = p.patientID and  r.serviceID = s.servicesID and r.status = "Pending";
[2025-01-26 14:06:16] select a.appointmentID, concat(p.first_name," ",p.surname) "fullname", i.Date, s.ServicesType, a.Status from appointment a, patient p, immunization_schedule i, services s where a.patientID = p.patientID and a.scheduleID = i.scheduleID AND a.servicesID = s.servicesID;
[2025-01-26 14:07:02] select r.patientID, r.serviceID, r.requestID, concat(p.first_name," ",p.surname) "fullname", r.serviceType, r.scheduleDate, r.status FROM request r, patient p, services s where r.patientID = p.patientID and  r.serviceID = s.servicesID and r.status = "Pending";
[2025-01-26 14:07:02] select a.appointmentID, concat(p.first_name," ",p.surname) "fullname", i.Date, s.ServicesType, a.Status from appointment a, patient p, immunization_schedule i, services s where a.patientID = p.patientID and a.scheduleID = i.scheduleID AND a.servicesID = s.servicesID;
[2025-01-26 14:15:54] select r.patientID, r.serviceID, r.requestID, concat(p.first_name," ",p.surname) "fullname", r.serviceType, r.scheduleDate, r.status FROM request r, patient p, services s where r.patientID = p.patientID and  r.serviceID = s.servicesID and r.status = "Pending";
[2025-01-26 14:15:54] select a.appointmentID, concat(p.first_name," ",p.surname) "fullname", i.Date, s.ServicesType, a.ApplicationDate, a.Status from appointment a, patient p, immunization_schedule i, services s where a.patientID = p.patientID and a.scheduleID = i.scheduleID AND a.servicesID = s.servicesID;
[2025-01-26 14:15:54] select a.appointmentID, concat(p.first_name," ",p.surname) "fullname", i.Date, s.ServicesType, a.ApplicationDate, a.Status from appointment a, patient p, immunization_schedule i, services s where a.patientID = p.patientID and a.scheduleID = i.scheduleID AND a.servicesID = s.servicesID;
[2025-01-26 14:15:56] SELECT * FROM hc_medicineinventory 
[2025-01-26 14:15:57] select r.patientID, r.serviceID, r.requestID, concat(p.first_name," ",p.surname) "fullname", r.serviceType, r.scheduleDate, r.status FROM request r, patient p, services s where r.patientID = p.patientID and  r.serviceID = s.servicesID and r.status = "Pending";
[2025-01-26 14:15:59] select r.patientID, r.serviceID, r.requestID, concat(p.first_name," ",p.surname) "fullname", r.serviceType, r.scheduleDate, r.status FROM request r, patient p, services s where r.patientID = p.patientID and  r.serviceID = s.servicesID and r.status = "Pending";
[2025-01-26 14:15:59] select a.appointmentID, concat(p.first_name," ",p.surname) "fullname", i.Date, s.ServicesType, a.ApplicationDate, a.Status from appointment a, patient p, immunization_schedule i, services s where a.patientID = p.patientID and a.scheduleID = i.scheduleID AND a.servicesID = s.servicesID;
[2025-01-26 14:15:59] select a.appointmentID, concat(p.first_name," ",p.surname) "fullname", i.Date, s.ServicesType, a.ApplicationDate, a.Status from appointment a, patient p, immunization_schedule i, services s where a.patientID = p.patientID and a.scheduleID = i.scheduleID AND a.servicesID = s.servicesID;
